<?xml version="1.0" encoding="UTF-8"?>
<!-- Generated by org.testng.reporters.JUnitReportReporter -->
<testsuite skipped="0" hostname="Haris-MBP" name="Testfile.NewTest" tests="1" failures="0" timestamp="20 Aug 2018 15:53:49 GMT" time="0.018" errors="0">
  <testcase name="sample" time="0.018" classname="Testfile.NewTest"/>
</testsuite> <!-- Testfile.NewTest -->
