<?xml version="1.0" encoding="UTF-8"?>
<!-- Generated by org.testng.reporters.JUnitReportReporter -->
<testsuite skipped="0" hostname="Haris-Macbook-Pro.local" name="Testfile.FBLoginTest" tests="1" failures="0" timestamp="21 Aug 2018 10:49:31 GMT" time="12.589" errors="0">
  <testcase name="init" time="12.589" classname="Testfile.FBLoginTest"/>
</testsuite> <!-- Testfile.FBLoginTest -->
